* using log directory 'C:/Users/74736/Desktop/thresholdanalysis/thresholdanalysis.Rcheck'
* using R version 4.6.0 (2026-04-24 ucrt)
* using platform: x86_64-w64-mingw32
* R was compiled by
    gcc.exe (GCC) 14.3.0
    GNU Fortran (GCC) 14.3.0
* running under: Windows 11 x64 (build 26200)
* using session charset: UTF-8
* current time: 2026-05-28 10:24:09 UTC
* checking for file 'thresholdanalysis/DESCRIPTION' ... OK
* this is package 'thresholdanalysis' version '1.0.0'
* package encoding: UTF-8
* checking package namespace information ... OK
* checking package dependencies ... OK
* checking if this is a source package ... OK
* checking if there is a namespace ... OK
* checking for .dll and .exe files ... OK
* checking for hidden files and directories ... OK
* checking for portable file names ... OK
* checking whether package 'thresholdanalysis' can be installed ... OK
* checking package directory ... OK
* checking DESCRIPTION meta-information ...